<?xml version="1.0" encoding="UTF-8"?>
<testng-results ignored="0" total="1" passed="1" failed="0" skipped="0">
  <reporter-output>
  </reporter-output>
  <suite started-at="2021-12-09T16:35:23 IST" name="Default suite" finished-at="2021-12-09T16:35:23 IST" duration-ms="184">
    <groups>
    </groups>
    <test started-at="2021-12-09T16:35:23 IST" name="Default test" finished-at="2021-12-09T16:35:23 IST" duration-ms="184">
      <class name="Prac1.Demo1">
        <test-method signature="demo1()[pri:0, instance:Prac1.Demo1@68e965f5]" started-at="2021-12-09T16:35:23 IST" name="demo1" finished-at="2021-12-09T16:35:23 IST" duration-ms="14" status="PASS">
          <reporter-output>
          </reporter-output>
        </test-method> <!-- demo1 -->
      </class> <!-- Prac1.Demo1 -->
    </test> <!-- Default test -->
  </suite> <!-- Default suite -->
</testng-results>
