<?xml version="1.0" encoding="UTF-8"?>
<testng-results ignored="0" total="1" passed="1" failed="0" skipped="0">
  <reporter-output>
  </reporter-output>
  <suite started-at="2021-12-10T12:49:29 IST" name="Default suite" finished-at="2021-12-10T12:49:29 IST" duration-ms="90">
    <groups>
    </groups>
    <test started-at="2021-12-10T12:49:29 IST" name="Default test" finished-at="2021-12-10T12:49:29 IST" duration-ms="90">
      <class name="Prac1.DemoTest2">
        <test-method signature="demoTest2()[pri:0, instance:Prac1.DemoTest2@1fb700ee]" started-at="2021-12-10T12:49:29 IST" name="demoTest2" finished-at="2021-12-10T12:49:29 IST" duration-ms="17" status="PASS">
          <reporter-output>
          </reporter-output>
        </test-method> <!-- demoTest2 -->
      </class> <!-- Prac1.DemoTest2 -->
    </test> <!-- Default test -->
  </suite> <!-- Default suite -->
</testng-results>
